# JRE version: Java(TM) SE Runtime Environment (8.0_60-b27) (build 1.8.0_60-b27)
# Java VM: Java HotSpot(TM) 64-Bit Server VM (25.60-b23 mixed mode bsd-amd64 compressed oops)
Heap:
 PSYoungGen      total 24576K, used 20090K [0x0000000795580000, 0x00000007a3880000, 0x00000007c0000000)
  eden space 24064K, 83% used [0x0000000795580000,0x000000079690eaa8,0x0000000796d00000)
  from space 512K, 12% used [0x00000007a3800000,0x00000007a3810000,0x00000007a3880000)
  to   space 512K, 0% used [0x00000007a3780000,0x00000007a3780000,0x00000007a3800000)
 ParOldGen       total 87552K, used 5496K [0x0000000740000000, 0x0000000745580000, 0x0000000795580000)
  object space 87552K, 6% used [0x0000000740000000,0x000000074055e360,0x0000000745580000)
 Metaspace       used 8284K, capacity 8486K, committed 8704K, reserved 1056768K
  class space    used 941K, capacity 1017K, committed 1024K, reserved 1048576K
GC Heap History (10 events):
Event: 104.713 GC heap before
{Heap before GC invocations=982 (full 0):
 PSYoungGen      total 24576K, used 24128K [0x0000000795580000, 0x00000007a3880000, 0x00000007c0000000)
  eden space 24064K, 100% used [0x0000000795580000,0x0000000796d00000,0x0000000796d00000)
  from space 512K, 12% used [0x00000007a3780000,0x00000007a3790000,0x00000007a3800000)
  to   space 512K, 0% used [0x00000007a3800000,0x00000007a3800000,0x00000007a3880000)
 ParOldGen       total 87552K, used 5408K [0x0000000740000000, 0x0000000745580000, 0x0000000795580000)
  object space 87552K, 6% used [0x0000000740000000,0x0000000740548360,0x0000000745580000)
 Metaspace       used 8260K, capacity 8390K, committed 8448K, reserved 1056768K
  class space    used 938K, capacity 985K, committed 1024K, reserved 1048576K
Event: 104.713 GC heap after
Heap after GC invocations=982 (full 0):
 PSYoungGen      total 24576K, used 96K [0x0000000795580000, 0x00000007a3880000, 0x00000007c0000000)
  eden space 24064K, 0% used [0x0000000795580000,0x0000000795580000,0x0000000796d00000)
  from space 512K, 18% used [0x00000007a3800000,0x00000007a3818000,0x00000007a3880000)
  to   space 512K, 0% used [0x00000007a3780000,0x00000007a3780000,0x00000007a3800000)
 ParOldGen       total 87552K, used 5408K [0x0000000740000000, 0x0000000745580000, 0x0000000795580000)
  object space 87552K, 6% used [0x0000000740000000,0x0000000740548360,0x0000000745580000)
 Metaspace       used 8260K, capacity 8390K, committed 8448K, reserved 1056768K
  class space    used 938K, capacity 985K, committed 1024K, reserved 1048576K
}
Event: 104.797 GC heap before
{Heap before GC invocations=983 (full 0):
 PSYoungGen      total 24576K, used 24160K [0x0000000795580000, 0x00000007a3880000, 0x00000007c0000000)
  eden space 24064K, 100% used [0x0000000795580000,0x0000000796d00000,0x0000000796d00000)
  from space 512K, 18% used [0x00000007a3800000,0x00000007a3818000,0x00000007a3880000)
  to   space 512K, 0% used [0x00000007a3780000,0x00000007a3780000,0x00000007a3800000)
 ParOldGen       total 87552K, used 5408K [0x0000000740000000, 0x0000000745580000, 0x0000000795580000)
  object space 87552K, 6% used [0x0000000740000000,0x0000000740548360,0x0000000745580000)
 Metaspace       used 8260K, capacity 8390K, committed 8448K, reserved 1056768K
  class space    used 938K, capacity 985K, committed 1024K, reserved 1048576K
Event: 104.798 GC heap after
Heap after GC invocations=983 (full 0):
 PSYoungGen      total 24576K, used 96K [0x0000000795580000, 0x00000007a3880000, 0x00000007c0000000)
  eden space 24064K, 0% used [0x0000000795580000,0x0000000795580000,0x0000000796d00000)
  from space 512K, 18% used [0x00000007a3780000,0x00000007a3798000,0x00000007a3800000)
  to   space 512K, 0% used [0x00000007a3800000,0x00000007a3800000,0x00000007a3880000)
 ParOldGen       total 87552K, used 5408K [0x0000000740000000, 0x0000000745580000, 0x0000000795580000)
  object space 87552K, 6% used [0x0000000740000000,0x0000000740548360,0x0000000745580000)
 Metaspace       used 8260K, capacity 8390K, committed 8448K, reserved 1056768K
  class space    used 938K, capacity 985K, committed 1024K, reserved 1048576K
}
Event: 104.889 GC heap before
{Heap before GC invocations=984 (full 0):
 PSYoungGen      total 24576K, used 24160K [0x0000000795580000, 0x00000007a3880000, 0x00000007c0000000)
  eden space 24064K, 100% used [0x0000000795580000,0x0000000796d00000,0x0000000796d00000)
  from space 512K, 18% used [0x00000007a3780000,0x00000007a3798000,0x00000007a3800000)
  to   space 512K, 0% used [0x00000007a3800000,0x00000007a3800000,0x00000007a3880000)
 ParOldGen       total 87552K, used 5408K [0x0000000740000000, 0x0000000745580000, 0x0000000795580000)
  object space 87552K, 6% used [0x0000000740000000,0x0000000740548360,0x0000000745580000)
 Metaspace       used 8260K, capacity 8390K, committed 8448K, reserved 1056768K
  class space    used 938K, capacity 985K, committed 1024K, reserved 1048576K
Event: 104.889 GC heap after
Heap after GC invocations=984 (full 0):
 PSYoungGen      total 24576K, used 64K [0x0000000795580000, 0x00000007a3880000, 0x00000007c0000000)
  eden space 24064K, 0% used [0x0000000795580000,0x0000000795580000,0x0000000796d00000)
  from space 512K, 12% used [0x00000007a3800000,0x00000007a3810000,0x00000007a3880000)
  to   space 512K, 0% used [0x00000007a3780000,0x00000007a3780000,0x00000007a3800000)
 ParOldGen       total 87552K, used 5448K [0x0000000740000000, 0x0000000745580000, 0x0000000795580000)
  object space 87552K, 6% used [0x0000000740000000,0x0000000740552360,0x0000000745580000)
 Metaspace       used 8260K, capacity 8390K, committed 8448K, reserved 1056768K
  class space    used 938K, capacity 985K, committed 1024K, reserved 1048576K
}
Event: 104.969 GC heap before
{Heap before GC invocations=985 (full 0):
 PSYoungGen      total 24576K, used 24128K [0x0000000795580000, 0x00000007a3880000, 0x00000007c0000000)
  eden space 24064K, 100% used [0x0000000795580000,0x0000000796d00000,0x0000000796d00000)
  from space 512K, 12% used [0x00000007a3800000,0x00000007a3810000,0x00000007a3880000)
  to   space 512K, 0% used [0x00000007a3780000,0x00000007a3780000,0x00000007a3800000)
 ParOldGen       total 87552K, used 5448K [0x0000000740000000, 0x0000000745580000, 0x0000000795580000)
  object space 87552K, 6% used [0x0000000740000000,0x0000000740552360,0x0000000745580000)
 Metaspace       used 8260K, capacity 8390K, committed 8448K, reserved 1056768K
  class space    used 938K, capacity 985K, committed 1024K, reserved 1048576K
Event: 104.970 GC heap after
Heap after GC invocations=985 (full 0):
 PSYoungGen      total 24576K, used 64K [0x0000000795580000, 0x00000007a3880000, 0x00000007c0000000)
  eden space 24064K, 0% used [0x0000000795580000,0x0000000795580000,0x0000000796d00000)
  from space 512K, 12% used [0x00000007a3780000,0x00000007a3790000,0x00000007a3800000)
  to   space 512K, 0% used [0x00000007a3800000,0x00000007a3800000,0x00000007a3880000)
 ParOldGen       total 87552K, used 5496K [0x0000000740000000, 0x0000000745580000, 0x0000000795580000)
  object space 87552K, 6% used [0x0000000740000000,0x000000074055e360,0x0000000745580000)
 Metaspace       used 8260K, capacity 8390K, committed 8448K, reserved 1056768K
  class space    used 938K, capacity 985K, committed 1024K, reserved 1048576K
}
Event: 105.049 GC heap before
{Heap before GC invocations=986 (full 0):
 PSYoungGen      total 24576K, used 24128K [0x0000000795580000, 0x00000007a3880000, 0x00000007c0000000)
  eden space 24064K, 100% used [0x0000000795580000,0x0000000796d00000,0x0000000796d00000)
  from space 512K, 12% used [0x00000007a3780000,0x00000007a3790000,0x00000007a3800000)
  to   space 512K, 0% used [0x00000007a3800000,0x00000007a3800000,0x00000007a3880000)
 ParOldGen       total 87552K, used 5496K [0x0000000740000000, 0x0000000745580000, 0x0000000795580000)
  object space 87552K, 6% used [0x0000000740000000,0x000000074055e360,0x0000000745580000)
 Metaspace       used 8260K, capacity 8390K, committed 8448K, reserved 1056768K
  class space    used 938K, capacity 985K, committed 1024K, reserved 1048576K
Event: 105.050 GC heap after
Heap after GC invocations=986 (full 0):
 PSYoungGen      total 24576K, used 64K [0x0000000795580000, 0x00000007a3880000, 0x00000007c0000000)
  eden space 24064K, 0% used [0x0000000795580000,0x0000000795580000,0x0000000796d00000)
  from space 512K, 12% used [0x00000007a3800000,0x00000007a3810000,0x00000007a3880000)
  to   space 512K, 0% used [0x00000007a3780000,0x00000007a3780000,0x00000007a3800000)
 ParOldGen       total 87552K, used 5496K [0x0000000740000000, 0x0000000745580000, 0x0000000795580000)
  object space 87552K, 6% used [0x0000000740000000,0x000000074055e360,0x0000000745580000)
 Metaspace       used 8260K, capacity 8390K, committed 8448K, reserved 1056768K
  class space    used 938K, capacity 985K, committed 1024K, reserved 1048576K
}

