# JRE version: Java(TM) SE Runtime Environment (8.0_60-b27) (build 1.8.0_60-b27)
# Java VM: Java HotSpot(TM) 64-Bit Server VM (25.60-b23 mixed mode bsd-amd64 compressed oops)
Heap:
 PSYoungGen      total 38400K, used 7131K [0x0000000795580000, 0x0000000798000000, 0x00000007c0000000)
  eden space 33280K, 21% used [0x0000000795580000,0x0000000795c76e90,0x0000000797600000)
  from space 5120K, 0% used [0x0000000797600000,0x0000000797600000,0x0000000797b00000)
  to   space 5120K, 0% used [0x0000000797b00000,0x0000000797b00000,0x0000000798000000)
 ParOldGen       total 412672K, used 340437K [0x0000000740000000, 0x0000000759300000, 0x0000000795580000)
  object space 412672K, 82% used [0x0000000740000000,0x0000000754c75738,0x0000000759300000)
 Metaspace       used 8443K, capacity 8550K, committed 8704K, reserved 1056768K
  class space    used 948K, capacity 1017K, committed 1024K, reserved 1048576K
GC Heap History (4 events):
Event: 13.022 GC heap before
{Heap before GC invocations=1 (full 0):
 PSYoungGen      total 38400K, used 33280K [0x0000000795580000, 0x0000000798000000, 0x00000007c0000000)
  eden space 33280K, 100% used [0x0000000795580000,0x0000000797600000,0x0000000797600000)
  from space 5120K, 0% used [0x0000000797b00000,0x0000000797b00000,0x0000000798000000)
  to   space 5120K, 0% used [0x0000000797600000,0x0000000797600000,0x0000000797b00000)
 ParOldGen       total 350208K, used 337144K [0x0000000740000000, 0x0000000755600000, 0x0000000795580000)
  object space 350208K, 96% used [0x0000000740000000,0x000000075493e020,0x0000000755600000)
 Metaspace       used 8388K, capacity 8518K, committed 8704K, reserved 1056768K
  class space    used 945K, capacity 985K, committed 1024K, reserved 1048576K
Event: 13.028 GC heap after
Heap after GC invocations=1 (full 0):
 PSYoungGen      total 38400K, used 3485K [0x0000000795580000, 0x0000000798000000, 0x00000007c0000000)
  eden space 33280K, 0% used [0x0000000795580000,0x0000000795580000,0x0000000797600000)
  from space 5120K, 68% used [0x0000000797600000,0x0000000797967798,0x0000000797b00000)
  to   space 5120K, 0% used [0x0000000797b00000,0x0000000797b00000,0x0000000798000000)
 ParOldGen       total 350208K, used 337160K [0x0000000740000000, 0x0000000755600000, 0x0000000795580000)
  object space 350208K, 96% used [0x0000000740000000,0x0000000754942020,0x0000000755600000)
 Metaspace       used 8388K, capacity 8518K, committed 8704K, reserved 1056768K
  class space    used 945K, capacity 985K, committed 1024K, reserved 1048576K
}
Event: 13.028 GC heap before
{Heap before GC invocations=2 (full 1):
 PSYoungGen      total 38400K, used 3485K [0x0000000795580000, 0x0000000798000000, 0x00000007c0000000)
  eden space 33280K, 0% used [0x0000000795580000,0x0000000795580000,0x0000000797600000)
  from space 5120K, 68% used [0x0000000797600000,0x0000000797967798,0x0000000797b00000)
  to   space 5120K, 0% used [0x0000000797b00000,0x0000000797b00000,0x0000000798000000)
 ParOldGen       total 350208K, used 337160K [0x0000000740000000, 0x0000000755600000, 0x0000000795580000)
  object space 350208K, 96% used [0x0000000740000000,0x0000000754942020,0x0000000755600000)
 Metaspace       used 8388K, capacity 8518K, committed 8704K, reserved 1056768K
  class space    used 945K, capacity 985K, committed 1024K, reserved 1048576K
Event: 13.047 GC heap after
Heap after GC invocations=2 (full 1):
 PSYoungGen      total 38400K, used 0K [0x0000000795580000, 0x0000000798000000, 0x00000007c0000000)
  eden space 33280K, 0% used [0x0000000795580000,0x0000000795580000,0x0000000797600000)
  from space 5120K, 0% used [0x0000000797600000,0x0000000797600000,0x0000000797b00000)
  to   space 5120K, 0% used [0x0000000797b00000,0x0000000797b00000,0x0000000798000000)
 ParOldGen       total 412672K, used 340437K [0x0000000740000000, 0x0000000759300000, 0x0000000795580000)
  object space 412672K, 82% used [0x0000000740000000,0x0000000754c75738,0x0000000759300000)
 Metaspace       used 8388K, capacity 8518K, committed 8704K, reserved 1056768K
  class space    used 945K, capacity 985K, committed 1024K, reserved 1048576K
}

