# JRE version: Java(TM) SE Runtime Environment (8.0_60-b27) (build 1.8.0_60-b27)
# Java VM: Java HotSpot(TM) 64-Bit Server VM (25.60-b23 mixed mode bsd-amd64 compressed oops)
Heap:
 PSYoungGen      total 24576K, used 7285K [0x0000000795580000, 0x00000007a3780000, 0x00000007c0000000)
  eden space 24064K, 30% used [0x0000000795580000,0x0000000795c8d5e0,0x0000000796d00000)
  from space 512K, 12% used [0x00000007a3680000,0x00000007a3690000,0x00000007a3700000)
  to   space 512K, 0% used [0x00000007a3700000,0x00000007a3700000,0x00000007a3780000)
 ParOldGen       total 87552K, used 3784K [0x0000000740000000, 0x0000000745580000, 0x0000000795580000)
  object space 87552K, 4% used [0x0000000740000000,0x00000007403b2200,0x0000000745580000)
 Metaspace       used 8325K, capacity 8486K, committed 8704K, reserved 1056768K
  class space    used 951K, capacity 1017K, committed 1024K, reserved 1048576K
GC Heap History (10 events):
Event: 63.888 GC heap before
{Heap before GC invocations=403 (full 0):
 PSYoungGen      total 24576K, used 24128K [0x0000000795580000, 0x00000007a3780000, 0x00000007c0000000)
  eden space 24064K, 100% used [0x0000000795580000,0x0000000796d00000,0x0000000796d00000)
  from space 512K, 12% used [0x00000007a3700000,0x00000007a3710000,0x00000007a3780000)
  to   space 512K, 0% used [0x00000007a3680000,0x00000007a3680000,0x00000007a3700000)
 ParOldGen       total 87552K, used 3784K [0x0000000740000000, 0x0000000745580000, 0x0000000795580000)
  object space 87552K, 4% used [0x0000000740000000,0x00000007403b2200,0x0000000745580000)
 Metaspace       used 8303K, capacity 8422K, committed 8448K, reserved 1056768K
  class space    used 948K, capacity 1017K, committed 1024K, reserved 1048576K
Event: 63.889 GC heap after
Heap after GC invocations=403 (full 0):
 PSYoungGen      total 24576K, used 64K [0x0000000795580000, 0x00000007a3780000, 0x00000007c0000000)
  eden space 24064K, 0% used [0x0000000795580000,0x0000000795580000,0x0000000796d00000)
  from space 512K, 12% used [0x00000007a3680000,0x00000007a3690000,0x00000007a3700000)
  to   space 512K, 0% used [0x00000007a3700000,0x00000007a3700000,0x00000007a3780000)
 ParOldGen       total 87552K, used 3784K [0x0000000740000000, 0x0000000745580000, 0x0000000795580000)
  object space 87552K, 4% used [0x0000000740000000,0x00000007403b2200,0x0000000745580000)
 Metaspace       used 8303K, capacity 8422K, committed 8448K, reserved 1056768K
  class space    used 948K, capacity 1017K, committed 1024K, reserved 1048576K
}
Event: 63.966 GC heap before
{Heap before GC invocations=404 (full 0):
 PSYoungGen      total 24576K, used 24128K [0x0000000795580000, 0x00000007a3780000, 0x00000007c0000000)
  eden space 24064K, 100% used [0x0000000795580000,0x0000000796d00000,0x0000000796d00000)
  from space 512K, 12% used [0x00000007a3680000,0x00000007a3690000,0x00000007a3700000)
  to   space 512K, 0% used [0x00000007a3700000,0x00000007a3700000,0x00000007a3780000)
 ParOldGen       total 87552K, used 3784K [0x0000000740000000, 0x0000000745580000, 0x0000000795580000)
  object space 87552K, 4% used [0x0000000740000000,0x00000007403b2200,0x0000000745580000)
 Metaspace       used 8303K, capacity 8422K, committed 8448K, reserved 1056768K
  class space    used 948K, capacity 1017K, committed 1024K, reserved 1048576K
Event: 63.966 GC heap after
Heap after GC invocations=404 (full 0):
 PSYoungGen      total 24576K, used 96K [0x0000000795580000, 0x00000007a3780000, 0x00000007c0000000)
  eden space 24064K, 0% used [0x0000000795580000,0x0000000795580000,0x0000000796d00000)
  from space 512K, 18% used [0x00000007a3700000,0x00000007a3718000,0x00000007a3780000)
  to   space 512K, 0% used [0x00000007a3680000,0x00000007a3680000,0x00000007a3700000)
 ParOldGen       total 87552K, used 3784K [0x0000000740000000, 0x0000000745580000, 0x0000000795580000)
  object space 87552K, 4% used [0x0000000740000000,0x00000007403b2200,0x0000000745580000)
 Metaspace       used 8303K, capacity 8422K, committed 8448K, reserved 1056768K
  class space    used 948K, capacity 1017K, committed 1024K, reserved 1048576K
}
Event: 64.046 GC heap before
{Heap before GC invocations=405 (full 0):
 PSYoungGen      total 24576K, used 24160K [0x0000000795580000, 0x00000007a3780000, 0x00000007c0000000)
  eden space 24064K, 100% used [0x0000000795580000,0x0000000796d00000,0x0000000796d00000)
  from space 512K, 18% used [0x00000007a3700000,0x00000007a3718000,0x00000007a3780000)
  to   space 512K, 0% used [0x00000007a3680000,0x00000007a3680000,0x00000007a3700000)
 ParOldGen       total 87552K, used 3784K [0x0000000740000000, 0x0000000745580000, 0x0000000795580000)
  object space 87552K, 4% used [0x0000000740000000,0x00000007403b2200,0x0000000745580000)
 Metaspace       used 8303K, capacity 8422K, committed 8448K, reserved 1056768K
  class space    used 948K, capacity 1017K, committed 1024K, reserved 1048576K
Event: 64.046 GC heap after
Heap after GC invocations=405 (full 0):
 PSYoungGen      total 24576K, used 96K [0x0000000795580000, 0x00000007a3780000, 0x00000007c0000000)
  eden space 24064K, 0% used [0x0000000795580000,0x0000000795580000,0x0000000796d00000)
  from space 512K, 18% used [0x00000007a3680000,0x00000007a3698000,0x00000007a3700000)
  to   space 512K, 0% used [0x00000007a3700000,0x00000007a3700000,0x00000007a3780000)
 ParOldGen       total 87552K, used 3784K [0x0000000740000000, 0x0000000745580000, 0x0000000795580000)
  object space 87552K, 4% used [0x0000000740000000,0x00000007403b2200,0x0000000745580000)
 Metaspace       used 8303K, capacity 8422K, committed 8448K, reserved 1056768K
  class space    used 948K, capacity 1017K, committed 1024K, reserved 1048576K
}
Event: 64.127 GC heap before
{Heap before GC invocations=406 (full 0):
 PSYoungGen      total 24576K, used 24160K [0x0000000795580000, 0x00000007a3780000, 0x00000007c0000000)
  eden space 24064K, 100% used [0x0000000795580000,0x0000000796d00000,0x0000000796d00000)
  from space 512K, 18% used [0x00000007a3680000,0x00000007a3698000,0x00000007a3700000)
  to   space 512K, 0% used [0x00000007a3700000,0x00000007a3700000,0x00000007a3780000)
 ParOldGen       total 87552K, used 3784K [0x0000000740000000, 0x0000000745580000, 0x0000000795580000)
  object space 87552K, 4% used [0x0000000740000000,0x00000007403b2200,0x0000000745580000)
 Metaspace       used 8303K, capacity 8422K, committed 8448K, reserved 1056768K
  class space    used 948K, capacity 1017K, committed 1024K, reserved 1048576K
Event: 64.127 GC heap after
Heap after GC invocations=406 (full 0):
 PSYoungGen      total 24576K, used 64K [0x0000000795580000, 0x00000007a3780000, 0x00000007c0000000)
  eden space 24064K, 0% used [0x0000000795580000,0x0000000795580000,0x0000000796d00000)
  from space 512K, 12% used [0x00000007a3700000,0x00000007a3710000,0x00000007a3780000)
  to   space 512K, 0% used [0x00000007a3680000,0x00000007a3680000,0x00000007a3700000)
 ParOldGen       total 87552K, used 3784K [0x0000000740000000, 0x0000000745580000, 0x0000000795580000)
  object space 87552K, 4% used [0x0000000740000000,0x00000007403b2200,0x0000000745580000)
 Metaspace       used 8303K, capacity 8422K, committed 8448K, reserved 1056768K
  class space    used 948K, capacity 1017K, committed 1024K, reserved 1048576K
}
Event: 64.207 GC heap before
{Heap before GC invocations=407 (full 0):
 PSYoungGen      total 24576K, used 24128K [0x0000000795580000, 0x00000007a3780000, 0x00000007c0000000)
  eden space 24064K, 100% used [0x0000000795580000,0x0000000796d00000,0x0000000796d00000)
  from space 512K, 12% used [0x00000007a3700000,0x00000007a3710000,0x00000007a3780000)
  to   space 512K, 0% used [0x00000007a3680000,0x00000007a3680000,0x00000007a3700000)
 ParOldGen       total 87552K, used 3784K [0x0000000740000000, 0x0000000745580000, 0x0000000795580000)
  object space 87552K, 4% used [0x0000000740000000,0x00000007403b2200,0x0000000745580000)
 Metaspace       used 8303K, capacity 8422K, committed 8448K, reserved 1056768K
  class space    used 948K, capacity 1017K, committed 1024K, reserved 1048576K
Event: 64.208 GC heap after
Heap after GC invocations=407 (full 0):
 PSYoungGen      total 24576K, used 64K [0x0000000795580000, 0x00000007a3780000, 0x00000007c0000000)
  eden space 24064K, 0% used [0x0000000795580000,0x0000000795580000,0x0000000796d00000)
  from space 512K, 12% used [0x00000007a3680000,0x00000007a3690000,0x00000007a3700000)
  to   space 512K, 0% used [0x00000007a3700000,0x00000007a3700000,0x00000007a3780000)
 ParOldGen       total 87552K, used 3784K [0x0000000740000000, 0x0000000745580000, 0x0000000795580000)
  object space 87552K, 4% used [0x0000000740000000,0x00000007403b2200,0x0000000745580000)
 Metaspace       used 8303K, capacity 8422K, committed 8448K, reserved 1056768K
  class space    used 948K, capacity 1017K, committed 1024K, reserved 1048576K
}

