# JRE version: Java(TM) SE Runtime Environment (8.0_51-b16) (build 1.8.0_51-b16)
# Java VM: Java HotSpot(TM) 64-Bit Server VM (25.51-b03 mixed mode bsd-amd64 compressed oops)
Heap:
 PSYoungGen      total 38400K, used 17987K [0x0000000795580000, 0x0000000798000000, 0x00000007c0000000)
  eden space 33280K, 54% used [0x0000000795580000,0x0000000796710db8,0x0000000797600000)
  from space 5120K, 0% used [0x0000000797600000,0x0000000797600000,0x0000000797b00000)
  to   space 5120K, 0% used [0x0000000797b00000,0x0000000797b00000,0x0000000798000000)
 ParOldGen       total 412672K, used 340267K [0x0000000740000000, 0x0000000759300000, 0x0000000795580000)
  object space 412672K, 82% used [0x0000000740000000,0x0000000754c4ad68,0x0000000759300000)
 Metaspace       used 8066K, capacity 8234K, committed 8448K, reserved 1056768K
  class space    used 867K, capacity 953K, committed 1024K, reserved 1048576K
GC Heap History (4 events):
Event: 11.956 GC heap before
{Heap before GC invocations=1 (full 0):
 PSYoungGen      total 38400K, used 33280K [0x0000000795580000, 0x0000000798000000, 0x00000007c0000000)
  eden space 33280K, 100% used [0x0000000795580000,0x0000000797600000,0x0000000797600000)
  from space 5120K, 0% used [0x0000000797b00000,0x0000000797b00000,0x0000000798000000)
  to   space 5120K, 0% used [0x0000000797600000,0x0000000797600000,0x0000000797b00000)
 ParOldGen       total 350208K, used 337144K [0x0000000740000000, 0x0000000755600000, 0x0000000795580000)
  object space 350208K, 96% used [0x0000000740000000,0x000000075493e020,0x0000000755600000)
 Metaspace       used 7879K, capacity 8004K, committed 8192K, reserved 1056768K
  class space    used 862K, capacity 920K, committed 1024K, reserved 1048576K
Event: 11.961 GC heap after
Heap after GC invocations=1 (full 0):
 PSYoungGen      total 38400K, used 3309K [0x0000000795580000, 0x0000000798000000, 0x00000007c0000000)
  eden space 33280K, 0% used [0x0000000795580000,0x0000000795580000,0x0000000797600000)
  from space 5120K, 64% used [0x0000000797600000,0x000000079793b7a8,0x0000000797b00000)
  to   space 5120K, 0% used [0x0000000797b00000,0x0000000797b00000,0x0000000798000000)
 ParOldGen       total 350208K, used 337160K [0x0000000740000000, 0x0000000755600000, 0x0000000795580000)
  object space 350208K, 96% used [0x0000000740000000,0x0000000754942020,0x0000000755600000)
 Metaspace       used 7879K, capacity 8004K, committed 8192K, reserved 1056768K
  class space    used 862K, capacity 920K, committed 1024K, reserved 1048576K
}
Event: 11.962 GC heap before
{Heap before GC invocations=2 (full 1):
 PSYoungGen      total 38400K, used 3309K [0x0000000795580000, 0x0000000798000000, 0x00000007c0000000)
  eden space 33280K, 0% used [0x0000000795580000,0x0000000795580000,0x0000000797600000)
  from space 5120K, 64% used [0x0000000797600000,0x000000079793b7a8,0x0000000797b00000)
  to   space 5120K, 0% used [0x0000000797b00000,0x0000000797b00000,0x0000000798000000)
 ParOldGen       total 350208K, used 337160K [0x0000000740000000, 0x0000000755600000, 0x0000000795580000)
  object space 350208K, 96% used [0x0000000740000000,0x0000000754942020,0x0000000755600000)
 Metaspace       used 7879K, capacity 8004K, committed 8192K, reserved 1056768K
  class space    used 862K, capacity 920K, committed 1024K, reserved 1048576K
Event: 11.981 GC heap after
Heap after GC invocations=2 (full 1):
 PSYoungGen      total 38400K, used 0K [0x0000000795580000, 0x0000000798000000, 0x00000007c0000000)
  eden space 33280K, 0% used [0x0000000795580000,0x0000000795580000,0x0000000797600000)
  from space 5120K, 0% used [0x0000000797600000,0x0000000797600000,0x0000000797b00000)
  to   space 5120K, 0% used [0x0000000797b00000,0x0000000797b00000,0x0000000798000000)
 ParOldGen       total 412672K, used 340267K [0x0000000740000000, 0x0000000759300000, 0x0000000795580000)
  object space 412672K, 82% used [0x0000000740000000,0x0000000754c4ad68,0x0000000759300000)
 Metaspace       used 7879K, capacity 8004K, committed 8192K, reserved 1056768K
  class space    used 862K, capacity 920K, committed 1024K, reserved 1048576K
}

