# JRE version: Java(TM) SE Runtime Environment (8.0_60-b27) (build 1.8.0_60-b27)
# Java VM: Java HotSpot(TM) 64-Bit Server VM (25.60-b23 mixed mode bsd-amd64 compressed oops)
Heap:
 PSYoungGen      total 28160K, used 5539K [0x0000000795580000, 0x000000079b600000, 0x00000007c0000000)
  eden space 27648K, 20% used [0x0000000795580000,0x0000000795b0db70,0x0000000797080000)
  from space 512K, 6% used [0x000000079b500000,0x000000079b508000,0x000000079b580000)
  to   space 512K, 0% used [0x000000079b580000,0x000000079b580000,0x000000079b600000)
 ParOldGen       total 87552K, used 2956K [0x0000000740000000, 0x0000000745580000, 0x0000000795580000)
  object space 87552K, 3% used [0x0000000740000000,0x00000007402e3210,0x0000000745580000)
 Metaspace       used 8262K, capacity 8422K, committed 8448K, reserved 1056768K
  class space    used 941K, capacity 1017K, committed 1024K, reserved 1048576K
GC Heap History (10 events):
Event: 73.473 GC heap before
{Heap before GC invocations=143 (full 0):
 PSYoungGen      total 30720K, used 30272K [0x0000000795580000, 0x000000079b600000, 0x00000007c0000000)
  eden space 30208K, 100% used [0x0000000795580000,0x0000000797300000,0x0000000797300000)
  from space 512K, 12% used [0x000000079b580000,0x000000079b590000,0x000000079b600000)
  to   space 512K, 0% used [0x000000079b500000,0x000000079b500000,0x000000079b580000)
 ParOldGen       total 87552K, used 2932K [0x0000000740000000, 0x0000000745580000, 0x0000000795580000)
  object space 87552K, 3% used [0x0000000740000000,0x00000007402dd210,0x0000000745580000)
 Metaspace       used 8239K, capacity 8390K, committed 8448K, reserved 1056768K
  class space    used 938K, capacity 985K, committed 1024K, reserved 1048576K
Event: 73.473 GC heap after
Heap after GC invocations=143 (full 0):
 PSYoungGen      total 30208K, used 128K [0x0000000795580000, 0x000000079b600000, 0x00000007c0000000)
  eden space 29696K, 0% used [0x0000000795580000,0x0000000795580000,0x0000000797280000)
  from space 512K, 25% used [0x000000079b500000,0x000000079b520000,0x000000079b580000)
  to   space 512K, 0% used [0x000000079b580000,0x000000079b580000,0x000000079b600000)
 ParOldGen       total 87552K, used 2932K [0x0000000740000000, 0x0000000745580000, 0x0000000795580000)
  object space 87552K, 3% used [0x0000000740000000,0x00000007402dd210,0x0000000745580000)
 Metaspace       used 8239K, capacity 8390K, committed 8448K, reserved 1056768K
  class space    used 938K, capacity 985K, committed 1024K, reserved 1048576K
}
Event: 73.571 GC heap before
{Heap before GC invocations=144 (full 0):
 PSYoungGen      total 30208K, used 29824K [0x0000000795580000, 0x000000079b600000, 0x00000007c0000000)
  eden space 29696K, 100% used [0x0000000795580000,0x0000000797280000,0x0000000797280000)
  from space 512K, 25% used [0x000000079b500000,0x000000079b520000,0x000000079b580000)
  to   space 512K, 0% used [0x000000079b580000,0x000000079b580000,0x000000079b600000)
 ParOldGen       total 87552K, used 2932K [0x0000000740000000, 0x0000000745580000, 0x0000000795580000)
  object space 87552K, 3% used [0x0000000740000000,0x00000007402dd210,0x0000000745580000)
 Metaspace       used 8239K, capacity 8390K, committed 8448K, reserved 1056768K
  class space    used 938K, capacity 985K, committed 1024K, reserved 1048576K
Event: 73.571 GC heap after
Heap after GC invocations=144 (full 0):
 PSYoungGen      total 29696K, used 64K [0x0000000795580000, 0x000000079b600000, 0x00000007c0000000)
  eden space 29184K, 0% used [0x0000000795580000,0x0000000795580000,0x0000000797200000)
  from space 512K, 12% used [0x000000079b580000,0x000000079b590000,0x000000079b600000)
  to   space 512K, 0% used [0x000000079b500000,0x000000079b500000,0x000000079b580000)
 ParOldGen       total 87552K, used 2956K [0x0000000740000000, 0x0000000745580000, 0x0000000795580000)
  object space 87552K, 3% used [0x0000000740000000,0x00000007402e3210,0x0000000745580000)
 Metaspace       used 8239K, capacity 8390K, committed 8448K, reserved 1056768K
  class space    used 938K, capacity 985K, committed 1024K, reserved 1048576K
}
Event: 73.676 GC heap before
{Heap before GC invocations=145 (full 0):
 PSYoungGen      total 29696K, used 29248K [0x0000000795580000, 0x000000079b600000, 0x00000007c0000000)
  eden space 29184K, 100% used [0x0000000795580000,0x0000000797200000,0x0000000797200000)
  from space 512K, 12% used [0x000000079b580000,0x000000079b590000,0x000000079b600000)
  to   space 512K, 0% used [0x000000079b500000,0x000000079b500000,0x000000079b580000)
 ParOldGen       total 87552K, used 2956K [0x0000000740000000, 0x0000000745580000, 0x0000000795580000)
  object space 87552K, 3% used [0x0000000740000000,0x00000007402e3210,0x0000000745580000)
 Metaspace       used 8239K, capacity 8390K, committed 8448K, reserved 1056768K
  class space    used 938K, capacity 985K, committed 1024K, reserved 1048576K
Event: 73.676 GC heap after
Heap after GC invocations=145 (full 0):
 PSYoungGen      total 29184K, used 32K [0x0000000795580000, 0x000000079b600000, 0x00000007c0000000)
  eden space 28672K, 0% used [0x0000000795580000,0x0000000795580000,0x0000000797180000)
  from space 512K, 6% used [0x000000079b500000,0x000000079b508000,0x000000079b580000)
  to   space 512K, 0% used [0x000000079b580000,0x000000079b580000,0x000000079b600000)
 ParOldGen       total 87552K, used 2956K [0x0000000740000000, 0x0000000745580000, 0x0000000795580000)
  object space 87552K, 3% used [0x0000000740000000,0x00000007402e3210,0x0000000745580000)
 Metaspace       used 8239K, capacity 8390K, committed 8448K, reserved 1056768K
  class space    used 938K, capacity 985K, committed 1024K, reserved 1048576K
}
Event: 73.774 GC heap before
{Heap before GC invocations=146 (full 0):
 PSYoungGen      total 29184K, used 28704K [0x0000000795580000, 0x000000079b600000, 0x00000007c0000000)
  eden space 28672K, 100% used [0x0000000795580000,0x0000000797180000,0x0000000797180000)
  from space 512K, 6% used [0x000000079b500000,0x000000079b508000,0x000000079b580000)
  to   space 512K, 0% used [0x000000079b580000,0x000000079b580000,0x000000079b600000)
 ParOldGen       total 87552K, used 2956K [0x0000000740000000, 0x0000000745580000, 0x0000000795580000)
  object space 87552K, 3% used [0x0000000740000000,0x00000007402e3210,0x0000000745580000)
 Metaspace       used 8239K, capacity 8390K, committed 8448K, reserved 1056768K
  class space    used 938K, capacity 985K, committed 1024K, reserved 1048576K
Event: 73.775 GC heap after
Heap after GC invocations=146 (full 0):
 PSYoungGen      total 28672K, used 32K [0x0000000795580000, 0x000000079b600000, 0x00000007c0000000)
  eden space 28160K, 0% used [0x0000000795580000,0x0000000795580000,0x0000000797100000)
  from space 512K, 6% used [0x000000079b580000,0x000000079b588000,0x000000079b600000)
  to   space 512K, 0% used [0x000000079b500000,0x000000079b500000,0x000000079b580000)
 ParOldGen       total 87552K, used 2956K [0x0000000740000000, 0x0000000745580000, 0x0000000795580000)
  object space 87552K, 3% used [0x0000000740000000,0x00000007402e3210,0x0000000745580000)
 Metaspace       used 8239K, capacity 8390K, committed 8448K, reserved 1056768K
  class space    used 938K, capacity 985K, committed 1024K, reserved 1048576K
}
Event: 73.870 GC heap before
{Heap before GC invocations=147 (full 0):
 PSYoungGen      total 28672K, used 28192K [0x0000000795580000, 0x000000079b600000, 0x00000007c0000000)
  eden space 28160K, 100% used [0x0000000795580000,0x0000000797100000,0x0000000797100000)
  from space 512K, 6% used [0x000000079b580000,0x000000079b588000,0x000000079b600000)
  to   space 512K, 0% used [0x000000079b500000,0x000000079b500000,0x000000079b580000)
 ParOldGen       total 87552K, used 2956K [0x0000000740000000, 0x0000000745580000, 0x0000000795580000)
  object space 87552K, 3% used [0x0000000740000000,0x00000007402e3210,0x0000000745580000)
 Metaspace       used 8239K, capacity 8390K, committed 8448K, reserved 1056768K
  class space    used 938K, capacity 985K, committed 1024K, reserved 1048576K
Event: 73.871 GC heap after
Heap after GC invocations=147 (full 0):
 PSYoungGen      total 28160K, used 32K [0x0000000795580000, 0x000000079b600000, 0x00000007c0000000)
  eden space 27648K, 0% used [0x0000000795580000,0x0000000795580000,0x0000000797080000)
  from space 512K, 6% used [0x000000079b500000,0x000000079b508000,0x000000079b580000)
  to   space 512K, 0% used [0x000000079b580000,0x000000079b580000,0x000000079b600000)
 ParOldGen       total 87552K, used 2956K [0x0000000740000000, 0x0000000745580000, 0x0000000795580000)
  object space 87552K, 3% used [0x0000000740000000,0x00000007402e3210,0x0000000745580000)
 Metaspace       used 8239K, capacity 8390K, committed 8448K, reserved 1056768K
  class space    used 938K, capacity 985K, committed 1024K, reserved 1048576K
}

