# JRE version: Java(TM) SE Runtime Environment (8.0_60-b27) (build 1.8.0_60-b27)
# Java VM: Java HotSpot(TM) 64-Bit Server VM (25.60-b23 mixed mode bsd-amd64 compressed oops)
Heap:
 PSYoungGen      total 58880K, used 28378K [0x0000000795580000, 0x000000079ba00000, 0x00000007c0000000)
  eden space 55296K, 50% used [0x0000000795580000,0x00000007970eeb08,0x0000000798b80000)
  from space 3584K, 8% used [0x000000079b300000,0x000000079b348010,0x000000079b680000)
  to   space 3072K, 0% used [0x000000079b700000,0x000000079b700000,0x000000079ba00000)
 ParOldGen       total 412672K, used 340632K [0x0000000740000000, 0x0000000759300000, 0x0000000795580000)
  object space 412672K, 82% used [0x0000000740000000,0x0000000754ca6110,0x0000000759300000)
 Metaspace       used 8858K, capacity 9036K, committed 9344K, reserved 1056768K
  class space    used 976K, capacity 1050K, committed 1152K, reserved 1048576K
GC Heap History (10 events):
Event: 15.951 GC heap before
{Heap before GC invocations=4 (full 1):
 PSYoungGen      total 38400K, used 33600K [0x0000000795580000, 0x0000000799a00000, 0x00000007c0000000)
  eden space 33280K, 100% used [0x0000000795580000,0x0000000797600000,0x0000000797600000)
  from space 5120K, 6% used [0x0000000797b00000,0x0000000797b50000,0x0000000798000000)
  to   space 5120K, 0% used [0x0000000797600000,0x0000000797600000,0x0000000797b00000)
 ParOldGen       total 412672K, used 340433K [0x0000000740000000, 0x0000000759300000, 0x0000000795580000)
  object space 412672K, 82% used [0x0000000740000000,0x0000000754c74650,0x0000000759300000)
 Metaspace       used 8734K, capacity 8902K, committed 9088K, reserved 1056768K
  class space    used 965K, capacity 1049K, committed 1152K, reserved 1048576K
Event: 15.965 GC heap after
Heap after GC invocations=4 (full 1):
 PSYoungGen      total 38400K, used 416K [0x0000000795580000, 0x0000000799a00000, 0x00000007c0000000)
  eden space 33280K, 0% used [0x0000000795580000,0x0000000795580000,0x0000000797600000)
  from space 5120K, 8% used [0x0000000797600000,0x0000000797668010,0x0000000797b00000)
  to   space 5120K, 0% used [0x0000000799500000,0x0000000799500000,0x0000000799a00000)
 ParOldGen       total 412672K, used 340441K [0x0000000740000000, 0x0000000759300000, 0x0000000795580000)
  object space 412672K, 82% used [0x0000000740000000,0x0000000754c76650,0x0000000759300000)
 Metaspace       used 8734K, capacity 8902K, committed 9088K, reserved 1056768K
  class space    used 965K, capacity 1049K, committed 1152K, reserved 1048576K
}
Event: 19.716 GC heap before
{Heap before GC invocations=5 (full 1):
 PSYoungGen      total 38400K, used 29496K [0x0000000795580000, 0x0000000799a00000, 0x00000007c0000000)
  eden space 33280K, 87% used [0x0000000795580000,0x00000007971e6240,0x0000000797600000)
  from space 5120K, 8% used [0x0000000797600000,0x0000000797668010,0x0000000797b00000)
  to   space 5120K, 0% used [0x0000000799500000,0x0000000799500000,0x0000000799a00000)
 ParOldGen       total 412672K, used 340441K [0x0000000740000000, 0x0000000759300000, 0x0000000795580000)
  object space 412672K, 82% used [0x0000000740000000,0x0000000754c76650,0x0000000759300000)
 Metaspace       used 8751K, capacity 8908K, committed 9088K, reserved 1056768K
  class space    used 967K, capacity 1050K, committed 1152K, reserved 1048576K
Event: 19.721 GC heap after
Heap after GC invocations=5 (full 1):
 PSYoungGen      total 61952K, used 352K [0x0000000795580000, 0x0000000799880000, 0x00000007c0000000)
  eden space 58368K, 0% used [0x0000000795580000,0x0000000795580000,0x0000000798e80000)
  from space 3584K, 9% used [0x0000000799500000,0x0000000799558010,0x0000000799880000)
  to   space 5120K, 0% used [0x0000000798e80000,0x0000000798e80000,0x0000000799380000)
 ParOldGen       total 412672K, used 340449K [0x0000000740000000, 0x0000000759300000, 0x0000000795580000)
  object space 412672K, 82% used [0x0000000740000000,0x0000000754c78650,0x0000000759300000)
 Metaspace       used 8751K, capacity 8908K, committed 9088K, reserved 1056768K
  class space    used 967K, capacity 1050K, committed 1152K, reserved 1048576K
}
Event: 25.762 GC heap before
{Heap before GC invocations=6 (full 1):
 PSYoungGen      total 61952K, used 54763K [0x0000000795580000, 0x0000000799880000, 0x00000007c0000000)
  eden space 58368K, 93% used [0x0000000795580000,0x0000000798aa2d58,0x0000000798e80000)
  from space 3584K, 9% used [0x0000000799500000,0x0000000799558010,0x0000000799880000)
  to   space 5120K, 0% used [0x0000000798e80000,0x0000000798e80000,0x0000000799380000)
 ParOldGen       total 412672K, used 340449K [0x0000000740000000, 0x0000000759300000, 0x0000000795580000)
  object space 412672K, 82% used [0x0000000740000000,0x0000000754c78650,0x0000000759300000)
 Metaspace       used 8752K, capacity 8908K, committed 9088K, reserved 1056768K
  class space    used 967K, capacity 1050K, committed 1152K, reserved 1048576K
Event: 25.768 GC heap after
Heap after GC invocations=6 (full 1):
 PSYoungGen      total 63488K, used 352K [0x0000000795580000, 0x000000079bd00000, 0x00000007c0000000)
  eden space 58368K, 0% used [0x0000000795580000,0x0000000795580000,0x0000000798e80000)
  from space 5120K, 6% used [0x0000000798e80000,0x0000000798ed8010,0x0000000799380000)
  to   space 3584K, 0% used [0x000000079b980000,0x000000079b980000,0x000000079bd00000)
 ParOldGen       total 412672K, used 340449K [0x0000000740000000, 0x0000000759300000, 0x0000000795580000)
  object space 412672K, 82% used [0x0000000740000000,0x0000000754c78650,0x0000000759300000)
 Metaspace       used 8752K, capacity 8908K, committed 9088K, reserved 1056768K
  class space    used 967K, capacity 1050K, committed 1152K, reserved 1048576K
}
Event: 31.819 GC heap before
{Heap before GC invocations=7 (full 1):
 PSYoungGen      total 63488K, used 54012K [0x0000000795580000, 0x000000079bd00000, 0x00000007c0000000)
  eden space 58368K, 91% used [0x0000000795580000,0x00000007989e7398,0x0000000798e80000)
  from space 5120K, 6% used [0x0000000798e80000,0x0000000798ed8010,0x0000000799380000)
  to   space 3584K, 0% used [0x000000079b980000,0x000000079b980000,0x000000079bd00000)
 ParOldGen       total 412672K, used 340449K [0x0000000740000000, 0x0000000759300000, 0x0000000795580000)
  object space 412672K, 82% used [0x0000000740000000,0x0000000754c78650,0x0000000759300000)
 Metaspace       used 8767K, capacity 8972K, committed 9088K, reserved 1056768K
  class space    used 967K, capacity 1050K, committed 1152K, reserved 1048576K
Event: 31.824 GC heap after
Heap after GC invocations=7 (full 1):
 PSYoungGen      total 57344K, used 352K [0x0000000795580000, 0x000000079ba00000, 0x00000007c0000000)
  eden space 56832K, 0% used [0x0000000795580000,0x0000000795580000,0x0000000798d00000)
  from space 512K, 68% used [0x000000079b980000,0x000000079b9d8010,0x000000079ba00000)
  to   space 3584K, 0% used [0x000000079b300000,0x000000079b300000,0x000000079b680000)
 ParOldGen       total 412672K, used 340449K [0x0000000740000000, 0x0000000759300000, 0x0000000795580000)
  object space 412672K, 82% used [0x0000000740000000,0x0000000754c78650,0x0000000759300000)
 Metaspace       used 8767K, capacity 8972K, committed 9088K, reserved 1056768K
  class space    used 967K, capacity 1050K, committed 1152K, reserved 1048576K
}
Event: 70.105 GC heap before
{Heap before GC invocations=8 (full 1):
 PSYoungGen      total 57344K, used 57184K [0x0000000795580000, 0x000000079ba00000, 0x00000007c0000000)
  eden space 56832K, 100% used [0x0000000795580000,0x0000000798d00000,0x0000000798d00000)
  from space 512K, 68% used [0x000000079b980000,0x000000079b9d8010,0x000000079ba00000)
  to   space 3584K, 0% used [0x000000079b300000,0x000000079b300000,0x000000079b680000)
 ParOldGen       total 412672K, used 340449K [0x0000000740000000, 0x0000000759300000, 0x0000000795580000)
  object space 412672K, 82% used [0x0000000740000000,0x0000000754c78650,0x0000000759300000)
 Metaspace       used 8833K, capacity 8972K, committed 9088K, reserved 1056768K
  class space    used 975K, capacity 1050K, committed 1152K, reserved 1048576K
Event: 70.110 GC heap after
Heap after GC invocations=8 (full 1):
 PSYoungGen      total 58880K, used 288K [0x0000000795580000, 0x000000079ba00000, 0x00000007c0000000)
  eden space 55296K, 0% used [0x0000000795580000,0x0000000795580000,0x0000000798b80000)
  from space 3584K, 8% used [0x000000079b300000,0x000000079b348010,0x000000079b680000)
  to   space 3072K, 0% used [0x000000079b700000,0x000000079b700000,0x000000079ba00000)
 ParOldGen       total 412672K, used 340632K [0x0000000740000000, 0x0000000759300000, 0x0000000795580000)
  object space 412672K, 82% used [0x0000000740000000,0x0000000754ca6110,0x0000000759300000)
 Metaspace       used 8833K, capacity 8972K, committed 9088K, reserved 1056768K
  class space    used 975K, capacity 1050K, committed 1152K, reserved 1048576K
}

