# JRE version: Java(TM) SE Runtime Environment (8.0_60-b27) (build 1.8.0_60-b27)
# Java VM: Java HotSpot(TM) 64-Bit Server VM (25.60-b23 mixed mode bsd-amd64 compressed oops)
Heap:
 PSYoungGen      total 25088K, used 23289K [0x0000000795580000, 0x0000000797380000, 0x00000007c0000000)
  eden space 24576K, 94% used [0x0000000795580000,0x0000000796c2e6c8,0x0000000796d80000)
  from space 512K, 12% used [0x0000000796e00000,0x0000000796e10000,0x0000000796e80000)
  to   space 3072K, 0% used [0x0000000797080000,0x0000000797080000,0x0000000797380000)
 ParOldGen       total 87552K, used 2784K [0x0000000740000000, 0x0000000745580000, 0x0000000795580000)
  object space 87552K, 3% used [0x0000000740000000,0x00000007402b8220,0x0000000745580000)
 Metaspace       used 8286K, capacity 8486K, committed 8704K, reserved 1056768K
  class space    used 941K, capacity 1017K, committed 1024K, reserved 1048576K
GC Heap History (10 events):
Event: 51.044 GC heap before
{Heap before GC invocations=17 (full 0):
 PSYoungGen      total 30720K, used 27232K [0x0000000795580000, 0x0000000797800000, 0x00000007c0000000)
  eden space 27136K, 100% used [0x0000000795580000,0x0000000797000000,0x0000000797000000)
  from space 3584K, 2% used [0x0000000797480000,0x0000000797498000,0x0000000797800000)
  to   space 4096K, 0% used [0x0000000797000000,0x0000000797000000,0x0000000797400000)
 ParOldGen       total 87552K, used 2672K [0x0000000740000000, 0x0000000745580000, 0x0000000795580000)
  object space 87552K, 3% used [0x0000000740000000,0x000000074029c220,0x0000000745580000)
 Metaspace       used 8262K, capacity 8390K, committed 8448K, reserved 1056768K
  class space    used 938K, capacity 985K, committed 1024K, reserved 1048576K
Event: 51.045 GC heap after
Heap after GC invocations=17 (full 0):
 PSYoungGen      total 27136K, used 128K [0x0000000795580000, 0x0000000797680000, 0x00000007c0000000)
  eden space 26624K, 0% used [0x0000000795580000,0x0000000795580000,0x0000000796f80000)
  from space 512K, 25% used [0x0000000797000000,0x0000000797020000,0x0000000797080000)
  to   space 3584K, 0% used [0x0000000797300000,0x0000000797300000,0x0000000797680000)
 ParOldGen       total 87552K, used 2696K [0x0000000740000000, 0x0000000745580000, 0x0000000795580000)
  object space 87552K, 3% used [0x0000000740000000,0x00000007402a2220,0x0000000745580000)
 Metaspace       used 8262K, capacity 8390K, committed 8448K, reserved 1056768K
  class space    used 938K, capacity 985K, committed 1024K, reserved 1048576K
}
Event: 51.661 GC heap before
{Heap before GC invocations=18 (full 0):
 PSYoungGen      total 27136K, used 26752K [0x0000000795580000, 0x0000000797680000, 0x00000007c0000000)
  eden space 26624K, 100% used [0x0000000795580000,0x0000000796f80000,0x0000000796f80000)
  from space 512K, 25% used [0x0000000797000000,0x0000000797020000,0x0000000797080000)
  to   space 3584K, 0% used [0x0000000797300000,0x0000000797300000,0x0000000797680000)
 ParOldGen       total 87552K, used 2696K [0x0000000740000000, 0x0000000745580000, 0x0000000795580000)
  object space 87552K, 3% used [0x0000000740000000,0x00000007402a2220,0x0000000745580000)
 Metaspace       used 8262K, capacity 8390K, committed 8448K, reserved 1056768K
  class space    used 938K, capacity 985K, committed 1024K, reserved 1048576K
Event: 51.662 GC heap after
Heap after GC invocations=18 (full 0):
 PSYoungGen      total 29184K, used 64K [0x0000000795580000, 0x0000000797600000, 0x00000007c0000000)
  eden space 26112K, 0% used [0x0000000795580000,0x0000000795580000,0x0000000796f00000)
  from space 3072K, 2% used [0x0000000797300000,0x0000000797310000,0x0000000797600000)
  to   space 3584K, 0% used [0x0000000796f00000,0x0000000796f00000,0x0000000797280000)
 ParOldGen       total 87552K, used 2728K [0x0000000740000000, 0x0000000745580000, 0x0000000795580000)
  object space 87552K, 3% used [0x0000000740000000,0x00000007402aa220,0x0000000745580000)
 Metaspace       used 8262K, capacity 8390K, committed 8448K, reserved 1056768K
  class space    used 938K, capacity 985K, committed 1024K, reserved 1048576K
}
Event: 52.247 GC heap before
{Heap before GC invocations=19 (full 0):
 PSYoungGen      total 29184K, used 26176K [0x0000000795580000, 0x0000000797600000, 0x00000007c0000000)
  eden space 26112K, 100% used [0x0000000795580000,0x0000000796f00000,0x0000000796f00000)
  from space 3072K, 2% used [0x0000000797300000,0x0000000797310000,0x0000000797600000)
  to   space 3584K, 0% used [0x0000000796f00000,0x0000000796f00000,0x0000000797280000)
 ParOldGen       total 87552K, used 2728K [0x0000000740000000, 0x0000000745580000, 0x0000000795580000)
  object space 87552K, 3% used [0x0000000740000000,0x00000007402aa220,0x0000000745580000)
 Metaspace       used 8262K, capacity 8390K, committed 8448K, reserved 1056768K
  class space    used 938K, capacity 985K, committed 1024K, reserved 1048576K
Event: 52.248 GC heap after
Heap after GC invocations=19 (full 0):
 PSYoungGen      total 26112K, used 160K [0x0000000795580000, 0x0000000797580000, 0x00000007c0000000)
  eden space 25600K, 0% used [0x0000000795580000,0x0000000795580000,0x0000000796e80000)
  from space 512K, 31% used [0x0000000796f00000,0x0000000796f28000,0x0000000796f80000)
  to   space 3584K, 0% used [0x0000000797200000,0x0000000797200000,0x0000000797580000)
 ParOldGen       total 87552K, used 2728K [0x0000000740000000, 0x0000000745580000, 0x0000000795580000)
  object space 87552K, 3% used [0x0000000740000000,0x00000007402aa220,0x0000000745580000)
 Metaspace       used 8262K, capacity 8390K, committed 8448K, reserved 1056768K
  class space    used 938K, capacity 985K, committed 1024K, reserved 1048576K
}
Event: 52.825 GC heap before
{Heap before GC invocations=20 (full 0):
 PSYoungGen      total 26112K, used 25760K [0x0000000795580000, 0x0000000797580000, 0x00000007c0000000)
  eden space 25600K, 100% used [0x0000000795580000,0x0000000796e80000,0x0000000796e80000)
  from space 512K, 31% used [0x0000000796f00000,0x0000000796f28000,0x0000000796f80000)
  to   space 3584K, 0% used [0x0000000797200000,0x0000000797200000,0x0000000797580000)
 ParOldGen       total 87552K, used 2728K [0x0000000740000000, 0x0000000745580000, 0x0000000795580000)
  object space 87552K, 3% used [0x0000000740000000,0x00000007402aa220,0x0000000745580000)
 Metaspace       used 8263K, capacity 8390K, committed 8448K, reserved 1056768K
  class space    used 938K, capacity 985K, committed 1024K, reserved 1048576K
Event: 52.825 GC heap after
Heap after GC invocations=20 (full 0):
 PSYoungGen      total 28160K, used 192K [0x0000000795580000, 0x0000000797500000, 0x00000007c0000000)
  eden space 25088K, 0% used [0x0000000795580000,0x0000000795580000,0x0000000796e00000)
  from space 3072K, 6% used [0x0000000797200000,0x0000000797230000,0x0000000797500000)
  to   space 3584K, 0% used [0x0000000796e00000,0x0000000796e00000,0x0000000797180000)
 ParOldGen       total 87552K, used 2752K [0x0000000740000000, 0x0000000745580000, 0x0000000795580000)
  object space 87552K, 3% used [0x0000000740000000,0x00000007402b0220,0x0000000745580000)
 Metaspace       used 8263K, capacity 8390K, committed 8448K, reserved 1056768K
  class space    used 938K, capacity 985K, committed 1024K, reserved 1048576K
}
Event: 53.370 GC heap before
{Heap before GC invocations=21 (full 0):
 PSYoungGen      total 28160K, used 25280K [0x0000000795580000, 0x0000000797500000, 0x00000007c0000000)
  eden space 25088K, 100% used [0x0000000795580000,0x0000000796e00000,0x0000000796e00000)
  from space 3072K, 6% used [0x0000000797200000,0x0000000797230000,0x0000000797500000)
  to   space 3584K, 0% used [0x0000000796e00000,0x0000000796e00000,0x0000000797180000)
 ParOldGen       total 87552K, used 2752K [0x0000000740000000, 0x0000000745580000, 0x0000000795580000)
  object space 87552K, 3% used [0x0000000740000000,0x00000007402b0220,0x0000000745580000)
 Metaspace       used 8263K, capacity 8390K, committed 8448K, reserved 1056768K
  class space    used 938K, capacity 985K, committed 1024K, reserved 1048576K
Event: 53.371 GC heap after
Heap after GC invocations=21 (full 0):
 PSYoungGen      total 25088K, used 64K [0x0000000795580000, 0x0000000797380000, 0x00000007c0000000)
  eden space 24576K, 0% used [0x0000000795580000,0x0000000795580000,0x0000000796d80000)
  from space 512K, 12% used [0x0000000796e00000,0x0000000796e10000,0x0000000796e80000)
  to   space 3072K, 0% used [0x0000000797080000,0x0000000797080000,0x0000000797380000)
 ParOldGen       total 87552K, used 2784K [0x0000000740000000, 0x0000000745580000, 0x0000000795580000)
  object space 87552K, 3% used [0x0000000740000000,0x00000007402b8220,0x0000000745580000)
 Metaspace       used 8263K, capacity 8390K, committed 8448K, reserved 1056768K
  class space    used 938K, capacity 985K, committed 1024K, reserved 1048576K
}

